<?xml version="1.0" encoding="UTF-8"?>
<!-- Generated by org.testng.reporters.JUnitReportReporter -->
<testsuite name="com.training.sanity.tests.LoginTest_Admin" tests="1" time="11.238" ignored="0" failures="0" timestamp="30 Aug 2019 04:48:55 GMT" skipped="0" hostname="IBM200-PC07QF34" errors="0">
  <testcase name="LoginTestAdmin" time="11.238" classname="com.training.sanity.tests.LoginTest_Admin"/>
</testsuite> <!-- com.training.sanity.tests.LoginTest_Admin -->
