<?xml version="1.0" encoding="UTF-8"?>
<!-- Generated by org.testng.reporters.JUnitReportReporter -->
<testsuite name="com.training.sanity.tests.LogOutTest_Trainer" tests="1" time="25.042" ignored="0" failures="0" timestamp="28 Aug 2019 08:27:46 GMT" skipped="0" hostname="IBM200-PC07QF34" errors="0">
  <testcase name="TeacherLogoutTest" time="25.042" classname="com.training.sanity.tests.LogOutTest_Trainer"/>
</testsuite> <!-- com.training.sanity.tests.LogOutTest_Trainer -->
