<?xml version="1.0" encoding="UTF-8"?>
<!-- Generated by org.testng.reporters.JUnitReportReporter -->
<testsuite name="com.training.sanity.tests.LoginTests" tests="1" time="24.510" ignored="0" failures="0" timestamp="28 Aug 2019 07:54:45 GMT" skipped="0" hostname="IBM200-PC07QF34" errors="0">
  <testcase name="TeacherLogoutTest" time="24.510" classname="com.training.sanity.tests.LoginTests"/>
</testsuite> <!-- com.training.sanity.tests.LoginTests -->
