<?xml version="1.0" encoding="UTF-8"?>
<!-- Generated by org.testng.reporters.JUnitReportReporter -->
<testsuite name="com.training.sanity.tests.SimpleTC_EditProfileTest_Admin" tests="2" time="8.421" ignored="0" failures="0" timestamp="09 Sep 2019 11:57:35 GMT" skipped="0" hostname="DESKTOP-GAEG9SK" errors="0">
  <testcase name="EditProfile" time="5.008" classname="com.training.sanity.tests.SimpleTC_EditProfileTest_Admin"/>
  <testcase name="LoginTestAdmin" time="3.413" classname="com.training.sanity.tests.SimpleTC_EditProfileTest_Admin"/>
</testsuite> <!-- com.training.sanity.tests.SimpleTC_EditProfileTest_Admin -->
