<?xml version="1.0" encoding="UTF-8"?>
<!-- Generated by org.testng.reporters.JUnitReportReporter -->
<testsuite name="com.training.regression.tests.LoginDBTest" tests="2" time="38.387" ignored="0" failures="0" timestamp="18 Sep 2019 18:50:34 GMT" skipped="0" hostname="DESKTOP-GAEG9SK" errors="0">
  <testcase name="loginDBTest" time="17.279" classname="com.training.regression.tests.LoginDBTest"/>
  <testcase name="loginDBTest" time="21.108" classname="com.training.regression.tests.LoginDBTest"/>
</testsuite> <!-- com.training.regression.tests.LoginDBTest -->
