<?xml version="1.0" encoding="UTF-8"?>
<!-- Generated by org.testng.reporters.JUnitReportReporter -->
<testsuite name="com.training.sanity.tests.MediumTC_AdminCreatesUser" tests="2" time="10.131" ignored="0" failures="0" timestamp="10 Sep 2019 07:41:40 GMT" skipped="0" hostname="DESKTOP-GAEG9SK" errors="0">
  <testcase name="LoginTestAdmin" time="3.915" classname="com.training.sanity.tests.MediumTC_AdminCreatesUser"/>
  <testcase name="CreateCourseBYAdmin" time="6.216" classname="com.training.sanity.tests.MediumTC_AdminCreatesUser"/>
</testsuite> <!-- com.training.sanity.tests.MediumTC_AdminCreatesUser -->
