<?xml version="1.0" encoding="UTF-8"?>
<!-- Generated by org.testng.reporters.JUnitReportReporter -->
<testsuite name="com.training.sanity.tests.MediumTC_AdminCreateCourseNCategory" tests="2" time="14.477" ignored="0" failures="0" timestamp="09 Sep 2019 13:03:13 GMT" skipped="0" hostname="DESKTOP-GAEG9SK" errors="0">
  <testcase name="LoginTestAdmin" time="2.697" classname="com.training.sanity.tests.MediumTC_AdminCreateCourseNCategory"/>
  <testcase name="CreateCourseBYAdmin" time="11.780" classname="com.training.sanity.tests.MediumTC_AdminCreateCourseNCategory"/>
</testsuite> <!-- com.training.sanity.tests.MediumTC_AdminCreateCourseNCategory -->
