<?xml version="1.0" encoding="UTF-8"?>
<!-- Generated by org.testng.reporters.JUnitReportReporter -->
<testsuite name="com.training.regression.tests.LoginExcelTest" tests="3" time="42.869" ignored="0" failures="0" timestamp="18 Sep 2019 17:24:59 GMT" skipped="0" hostname="DESKTOP-GAEG9SK" errors="0">
  <testcase name="loginDBTest" time="13.451" classname="com.training.regression.tests.LoginExcelTest"/>
  <testcase name="loginDBTest" time="14.402" classname="com.training.regression.tests.LoginExcelTest"/>
  <testcase name="loginDBTest" time="15.016" classname="com.training.regression.tests.LoginExcelTest"/>
</testsuite> <!-- com.training.regression.tests.LoginExcelTest -->
