<?xml version="1.0" encoding="UTF-8"?>
<!-- Generated by org.testng.reporters.JUnitReportReporter -->
<testsuite name="com.training.sanity.tests.MediumTC_StudentUploadsAssignment" tests="2" time="43.688" ignored="0" failures="0" timestamp="13 Sep 2019 11:04:08 GMT" skipped="0" hostname="DESKTOP-GAEG9SK" errors="0">
  <testcase name="LoginTestAdmin" time="6.341" classname="com.training.sanity.tests.MediumTC_StudentUploadsAssignment"/>
  <testcase name="UploadingAssignment" time="37.347" classname="com.training.sanity.tests.MediumTC_StudentUploadsAssignment"/>
</testsuite> <!-- com.training.sanity.tests.MediumTC_StudentUploadsAssignment -->
