<?xml version="1.0" encoding="UTF-8"?>
<!-- Generated by org.testng.reporters.JUnitReportReporter -->
<testsuite name="com.training.sanity.tests.ComplexTC_MultiUserRegisterAsTeacher" tests="3" time="29.073" ignored="0" failures="0" timestamp="24 Sep 2019 18:02:22 GMT" skipped="0" hostname="DESKTOP-GAEG9SK" errors="0">
  <testcase name="ClickOnSignUp" time="3.022" classname="com.training.sanity.tests.ComplexTC_MultiUserRegisterAsTeacher"/>
  <testcase name="FillTeacherInfo" time="13.476" classname="com.training.sanity.tests.ComplexTC_MultiUserRegisterAsTeacher"/>
  <testcase name="FillTeacherInfo" time="12.575" classname="com.training.sanity.tests.ComplexTC_MultiUserRegisterAsTeacher"/>
</testsuite> <!-- com.training.sanity.tests.ComplexTC_MultiUserRegisterAsTeacher -->
